<?xml version="1.0" encoding="UTF-8"?>
<!-- Generated by org.testng.reporters.JUnitReportReporter -->
<testsuite skipped="0" hostname="MacBook-Air.local" name="com.qa.tests.LoginTest" tests="1" failures="0" timestamp="27 Jul 2018 06:30:04 GMT" time="0.010" errors="0">
  <testcase name="tests" time="0.010" classname="com.qa.tests.LoginTest"/>
</testsuite> <!-- com.qa.tests.LoginTest -->
